<?xml version="1.0" encoding="UTF-8"?>
<testsuite xmlns:xsi="http://www.w3.org/2001/XMLSchema-instance" xsi:noNamespaceSchemaLocation="https://maven.apache.org/surefire/maven-surefire-plugin/xsd/surefire-test-report-3.0.xsd" version="3.0" name="cqu.wis.roles.WhiskeyDataManagerTest" time="0.63" tests="9" errors="0" skipped="0" failures="0">
  <properties>
    <property name="java.specification.version" value="21"/>
    <property name="sun.cpu.isalist" value="amd64"/>
    <property name="sun.jnu.encoding" value="Cp1252"/>
    <property name="java.class.path" value="C:\Users\abish\Documents\NetBeansProjects\Whiskey-Information-System\WIS\target\test-classes;C:\Users\abish\Documents\NetBeansProjects\Whiskey-Information-System\WIS\target\classes;C:\Users\abish\.m2\repository\org\openjfx\javafx-controls\21\javafx-controls-21.jar;C:\Users\abish\.m2\repository\org\openjfx\javafx-controls\21\javafx-controls-21-win.jar;C:\Users\abish\.m2\repository\org\openjfx\javafx-graphics\21\javafx-graphics-21.jar;C:\Users\abish\.m2\repository\org\openjfx\javafx-graphics\21\javafx-graphics-21-win.jar;C:\Users\abish\.m2\repository\org\openjfx\javafx-base\21\javafx-base-21.jar;C:\Users\abish\.m2\repository\org\openjfx\javafx-base\21\javafx-base-21-win.jar;C:\Users\abish\.m2\repository\org\openjfx\javafx-fxml\21\javafx-fxml-21.jar;C:\Users\abish\.m2\repository\org\openjfx\javafx-fxml\21\javafx-fxml-21-win.jar;C:\Users\abish\.m2\repository\com\mysql\mysql-connector-j\9.0.0\mysql-connector-j-9.0.0.jar;C:\Users\abish\.m2\repository\com\google\protobuf\protobuf-java\4.26.1\protobuf-java-4.26.1.jar;C:\Users\abish\.m2\repository\org\junit\jupiter\junit-jupiter-api\5.6.0\junit-jupiter-api-5.6.0.jar;C:\Users\abish\.m2\repository\org\apiguardian\apiguardian-api\1.1.0\apiguardian-api-1.1.0.jar;C:\Users\abish\.m2\repository\org\opentest4j\opentest4j\1.2.0\opentest4j-1.2.0.jar;C:\Users\abish\.m2\repository\org\junit\platform\junit-platform-commons\1.6.0\junit-platform-commons-1.6.0.jar;C:\Users\abish\.m2\repository\org\junit\jupiter\junit-jupiter-params\5.6.0\junit-jupiter-params-5.6.0.jar;C:\Users\abish\.m2\repository\org\junit\jupiter\junit-jupiter-engine\5.6.0\junit-jupiter-engine-5.6.0.jar;C:\Users\abish\.m2\repository\org\junit\platform\junit-platform-engine\1.6.0\junit-platform-engine-1.6.0.jar;"/>
    <property name="java.vm.vendor" value="OpenLogic"/>
    <property name="sun.arch.data.model" value="64"/>
    <property name="user.variant" value=""/>
    <property name="java.vendor.url" value="https://openlogic.com/"/>
    <property name="user.timezone" value="Australia/Brisbane"/>
    <property name="os.name" value="Windows 11"/>
    <property name="java.vm.specification.version" value="21"/>
    <property name="user.country" value="AU"/>
    <property name="sun.java.launcher" value="SUN_STANDARD"/>
    <property name="sun.boot.library.path" value="C:\Program Files\Java\jdk-21.0.6.7-hotspot\bin"/>
    <property name="sun.java.command" value="C:\Users\abish\AppData\Local\Temp\surefire15775591454262659208\surefirebooter-20250508064600318_3.jar C:\Users\abish\AppData\Local\Temp\surefire15775591454262659208 2025-05-08T06-46-00_190-jvmRun1 surefire-20250508064600318_1tmp surefire_0-20250508064600318_2tmp"/>
    <property name="jdk.debug" value="release"/>
    <property name="test" value="cqu.wis.roles.WhiskeyDataManagerTest"/>
    <property name="surefire.test.class.path" value="C:\Users\abish\Documents\NetBeansProjects\Whiskey-Information-System\WIS\target\test-classes;C:\Users\abish\Documents\NetBeansProjects\Whiskey-Information-System\WIS\target\classes;C:\Users\abish\.m2\repository\org\openjfx\javafx-controls\21\javafx-controls-21.jar;C:\Users\abish\.m2\repository\org\openjfx\javafx-controls\21\javafx-controls-21-win.jar;C:\Users\abish\.m2\repository\org\openjfx\javafx-graphics\21\javafx-graphics-21.jar;C:\Users\abish\.m2\repository\org\openjfx\javafx-graphics\21\javafx-graphics-21-win.jar;C:\Users\abish\.m2\repository\org\openjfx\javafx-base\21\javafx-base-21.jar;C:\Users\abish\.m2\repository\org\openjfx\javafx-base\21\javafx-base-21-win.jar;C:\Users\abish\.m2\repository\org\openjfx\javafx-fxml\21\javafx-fxml-21.jar;C:\Users\abish\.m2\repository\org\openjfx\javafx-fxml\21\javafx-fxml-21-win.jar;C:\Users\abish\.m2\repository\com\mysql\mysql-connector-j\9.0.0\mysql-connector-j-9.0.0.jar;C:\Users\abish\.m2\repository\com\google\protobuf\protobuf-java\4.26.1\protobuf-java-4.26.1.jar;C:\Users\abish\.m2\repository\org\junit\jupiter\junit-jupiter-api\5.6.0\junit-jupiter-api-5.6.0.jar;C:\Users\abish\.m2\repository\org\apiguardian\apiguardian-api\1.1.0\apiguardian-api-1.1.0.jar;C:\Users\abish\.m2\repository\org\opentest4j\opentest4j\1.2.0\opentest4j-1.2.0.jar;C:\Users\abish\.m2\repository\org\junit\platform\junit-platform-commons\1.6.0\junit-platform-commons-1.6.0.jar;C:\Users\abish\.m2\repository\org\junit\jupiter\junit-jupiter-params\5.6.0\junit-jupiter-params-5.6.0.jar;C:\Users\abish\.m2\repository\org\junit\jupiter\junit-jupiter-engine\5.6.0\junit-jupiter-engine-5.6.0.jar;C:\Users\abish\.m2\repository\org\junit\platform\junit-platform-engine\1.6.0\junit-platform-engine-1.6.0.jar;"/>
    <property name="sun.cpu.endian" value="little"/>
    <property name="user.home" value="C:\Users\abish"/>
    <property name="user.language" value="en"/>
    <property name="java.specification.vendor" value="Oracle Corporation"/>
    <property name="java.version.date" value="2025-01-21"/>
    <property name="java.home" value="C:\Program Files\Java\jdk-21.0.6.7-hotspot"/>
    <property name="file.separator" value="\"/>
    <property name="basedir" value="C:\Users\abish\Documents\NetBeansProjects\Whiskey-Information-System\WIS"/>
    <property name="java.vm.compressedOopsMode" value="32-bit"/>
    <property name="line.separator" value="&#10;"/>
    <property name="java.vm.specification.vendor" value="Oracle Corporation"/>
    <property name="java.specification.name" value="Java Platform API Specification"/>
    <property name="surefire.real.class.path" value="C:\Users\abish\AppData\Local\Temp\surefire15775591454262659208\surefirebooter-20250508064600318_3.jar"/>
    <property name="user.script" value=""/>
    <property name="sun.management.compiler" value="HotSpot 64-Bit Tiered Compilers"/>
    <property name="java.runtime.version" value="21.0.6+7-adhoc.Administrator.jdk21u"/>
    <property name="user.name" value="Ujjwal"/>
    <property name="stdout.encoding" value="Cp1252"/>
    <property name="path.separator" value=";"/>
    <property name="os.version" value="10.0"/>
    <property name="java.runtime.name" value="OpenJDK Runtime Environment"/>
    <property name="file.encoding" value="UTF-8"/>
    <property name="java.vm.name" value="OpenJDK 64-Bit Server VM"/>
    <property name="java.vendor.version" value="OpenLogic-OpenJDK"/>
    <property name="maven.ext.class.path" value="C:\Program Files\NetBeans-20\netbeans\java\maven-nblib\netbeans-eventspy.jar"/>
    <property name="localRepository" value="C:\Users\abish\.m2\repository"/>
    <property name="java.vendor.url.bug" value="https://techsupport.roguewave.com/"/>
    <property name="java.io.tmpdir" value="C:\Users\abish\AppData\Local\Temp\"/>
    <property name="java.version" value="21.0.6"/>
    <property name="user.dir" value="C:\Users\abish\Documents\NetBeansProjects\Whiskey-Information-System\WIS"/>
    <property name="os.arch" value="amd64"/>
    <property name="java.vm.specification.name" value="Java Virtual Machine Specification"/>
    <property name="sun.os.patch.level" value=""/>
    <property name="native.encoding" value="Cp1252"/>
    <property name="java.library.path" value="C:\Program Files\Java\jdk-21.0.6.7-hotspot\bin;C:\WINDOWS\Sun\Java\bin;C:\WINDOWS\system32;C:\WINDOWS;C:\Program Files\OpenLogic\jdk-21.0.6.7-hotspot\bin;C:\Python312\Scripts\;C:\Python312\;C:\Program Files\Common Files\Oracle\Java\javapath;C:\WINDOWS\system32;C:\WINDOWS;C:\WINDOWS\System32\Wbem;C:\WINDOWS\System32\WindowsPowerShell\v1.0\;C:\WINDOWS\System32\OpenSSH\;C:\Program Files\nodejs\;C:\ProgramData\chocolatey\bin;C:\Program Files\Docker\Docker\resources\bin;C:\Program Files\Git\cmd;C:\Program Files\PuTTY\;C:\Users\abish\AppData\Local\Microsoft\WindowsApps;C:\Users\abish\AppData\Local\Programs\Microsoft VS Code\bin;C:\Users\abish\AppData\Roaming\npm;C:\Users\abish\AppData\Local\GitHubDesktop\bin;."/>
    <property name="java.vm.info" value="mixed mode, sharing"/>
    <property name="stderr.encoding" value="Cp1252"/>
    <property name="java.vendor" value="OpenLogic"/>
    <property name="java.vm.version" value="21.0.6+7-adhoc.Administrator.jdk21u"/>
    <property name="sun.io.unicode.encoding" value="UnicodeLittle"/>
    <property name="java.class.version" value="65.0"/>
    <property name="argLine" value="--enable-preview"/>
  </properties>
  <testcase name="testFindMaltsInAgeRangeValidRange" classname="cqu.wis.roles.WhiskeyDataManagerTest" time="0.513"/>
  <testcase name="nextWithOneRecordTest" classname="cqu.wis.roles.WhiskeyDataManagerTest" time="0.018"/>
  <testcase name="testFindMaltsInAgeRangeNoResults" classname="cqu.wis.roles.WhiskeyDataManagerTest" time="0.034"/>
  <testcase name="previousWithTwoRecordsCyclesCorrect" classname="cqu.wis.roles.WhiskeyDataManagerTest" time="0.001"/>
  <testcase name="testFindMaltsFromRegionKnownRegion" classname="cqu.wis.roles.WhiskeyDataManagerTest" time="0.021"/>
  <testcase name="testFindMaltsFromRegionNoMatches" classname="cqu.wis.roles.WhiskeyDataManagerTest" time="0.021"/>
  <testcase name="previousWithNoRecordsTest" classname="cqu.wis.roles.WhiskeyDataManagerTest" time="0.001"/>
  <testcase name="nextWithNoRecordsTest" classname="cqu.wis.roles.WhiskeyDataManagerTest" time="0.001"/>
  <testcase name="nextWithTwoRecordsCyclesCorrect" classname="cqu.wis.roles.WhiskeyDataManagerTest" time="0.0"/>
</testsuite>